  Using bundled DotNet SDK version: 6.0.302
  Running UnrealBuildTool: dotnet "..\..\Engine\Binaries\DotNET\UnrealBuildTool\UnrealBuildTool.dll" AOT_QuizGameEditor Win64 Development -Project="C:\Users\pasca\Documents\Unreal Projects\AOT_QuizGame\AOT_QuizGame.uproject" -WaitMutex -FromMsBuild
  Log file: C:\Users\pasca\AppData\Local\UnrealBuildTool\Log.txt
  Invalidating makefile for AOT_QuizGameEditor (working set of source files changed)
  Parsing headers for AOT_QuizGameEditor
    Running Internal UnrealHeaderTool "C:\Users\pasca\Documents\Unreal Projects\AOT_QuizGame\AOT_QuizGame.uproject" "C:\Users\pasca\Documents\Unreal Projects\AOT_QuizGame\Intermediate\Build\Win64\AOT_QuizGameEditor\Development\AOT_QuizGameEditor.uhtmanifest" -WarningsAsErrors -installed
  Total of 2 written
  Reflection code generated for AOT_QuizGameEditor in 3.8306855 seconds
  Building AOT_QuizGameEditor...
  Using Visual Studio 2022 14.35.32217 toolchain (C:\Program Files\Microsoft Visual Studio\2022\Enterprise\VC\Tools\MSVC\14.35.32215) and Windows 10.0.22621.0 SDK (C:\Program Files (x86)\Windows Kits\10).
  [Upgrade]
  [Upgrade] Using backward-compatible include order. The latest version of UE has changed the order of includes, which may require code changes. The current setting is:
  [Upgrade]     IncludeOrderVersion = EngineIncludeOrderVersion.Unreal5_1
  [Upgrade] Suppress this message by setting 'IncludeOrderVersion = EngineIncludeOrderVersion.Unreal5_2;' in AOT_QuizGameEditor.Target.cs.
  [Upgrade] Alternatively you can set this to 'EngineIncludeOrderVersion.Latest' to always use the latest include order. This will potentially cause compile errors when integrating new versions of the engine.
  [Upgrade]
  Determining max actions to execute in parallel (6 physical cores, 12 logical cores)
    Executing up to 6 processes, one per physical core
    Requested 1.5 GB free memory per action, 6.01 GB available: limiting max parallel actions to 4
  Building 6 actions with 4 processes...
  [1/6] Compile [x64] AOT_QuizGame.init.gen.cpp
  [2/6] Compile [x64] User_Control.gen.cpp
  [3/6] Compile [x64] User_Control.cpp
  [4/6] Link [x64] UnrealEditor-AOT_QuizGame.lib
     Creating library C:\Users\pasca\Documents\Unreal Projects\AOT_QuizGame\Intermediate\Build\Win64\x64\UnrealEditor\Development\AOT_QuizGame\UnrealEditor-AOT_QuizGame.lib and object C:\Users\pasca\Documents\Unreal Projects\AOT_QuizGame\Intermediate\Build\Win64\x64\UnrealEditor\Development\AOT_QuizGame\UnrealEditor-AOT_QuizGame.exp
  [5/6] Link [x64] UnrealEditor-AOT_QuizGame.dll
     Creating library C:\Users\pasca\Documents\Unreal Projects\AOT_QuizGame\Intermediate\Build\Win64\x64\UnrealEditor\Development\AOT_QuizGame\UnrealEditor-AOT_QuizGame.suppressed.lib and object C:\Users\pasca\Documents\Unreal Projects\AOT_QuizGame\Intermediate\Build\Win64\x64\UnrealEditor\Development\AOT_QuizGame\UnrealEditor-AOT_QuizGame.suppressed.exp
  [6/6] WriteMetadata AOT_QuizGameEditor.target
  Total time in Parallel executor: 11.90 seconds
  Total execution time: 17.39 seconds
